# JRE version: Java(TM) SE Runtime Environment (23.0.1+11) (build 23.0.1+11-39)
# Java VM: Java HotSpot(TM) 64-Bit Server VM (23.0.1+11-39, mixed mode, tiered, compressed oops, compressed class ptrs, g1 gc, windows-amd64)
GC Precious Log:
 CardTable entry size: 512
 Card Set container configuration: InlinePtr #cards 5 size 8 Array Of Cards #cards 10 size 36 Howl #buckets 4 coarsen threshold 1843 Howl Bitmap #cards 512 size 80 coarsen threshold 460 Card regions per heap region 1 cards per card region 2048
 CPUs: 12 total, 12 available
 Memory: 6005M
 Large Page Support: Disabled
 NUMA Support: Disabled
 Compressed Oops: Enabled (32-bit)
 Heap Region Size: 1M
 Heap Min Capacity: 8M
 Heap Initial Capacity: 94M
 Heap Max Capacity: 1502M
 Pre-touch: Disabled
 Parallel Workers: 10
 Concurrent Workers: 3
 Concurrent Refinement Workers: 10
 Periodic GC: Disabled
Heap:
 garbage-first heap   total reserved 1538048K, committed 70656K, used 54113K [0x00000000a2200000, 0x0000000100000000)
  region size 1024K, 33 young (33792K), 4 survivors (4096K)
 Metaspace       used 53880K, committed 54208K, reserved 1114112K
  class space    used 6761K, committed 6912K, reserved 1048576K
GC Heap History (20 events):
Event: 3.273 GC heap before
{Heap before GC invocations=2 (full 0):
 garbage-first heap   total reserved 1538048K, committed 96256K, used 17615K [0x00000000a2200000, 0x0000000100000000)
  region size 1024K, 6 young (6144K), 2 survivors (2048K)
 Metaspace       used 21389K, committed 21504K, reserved 1114112K
  class space    used 2263K, committed 2304K, reserved 1048576K
}
Event: 3.275 GC heap after
{Heap after GC invocations=3 (full 0):
 garbage-first heap   total reserved 1538048K, committed 96256K, used 14588K [0x00000000a2200000, 0x0000000100000000)
  region size 1024K, 2 young (2048K), 2 survivors (2048K)
 Metaspace       used 21389K, committed 21504K, reserved 1114112K
  class space    used 2263K, committed 2304K, reserved 1048576K
}
Event: 4.845 GC heap before
{Heap before GC invocations=4 (full 0):
 garbage-first heap   total reserved 1538048K, committed 51200K, used 42236K [0x00000000a2200000, 0x0000000100000000)
  region size 1024K, 30 young (30720K), 2 survivors (2048K)
 Metaspace       used 29970K, committed 30208K, reserved 1114112K
  class space    used 3254K, committed 3328K, reserved 1048576K
}
Event: 4.861 GC heap after
{Heap after GC invocations=5 (full 0):
 garbage-first heap   total reserved 1538048K, committed 51200K, used 17316K [0x00000000a2200000, 0x0000000100000000)
  region size 1024K, 4 young (4096K), 4 survivors (4096K)
 Metaspace       used 29970K, committed 30208K, reserved 1114112K
  class space    used 3254K, committed 3328K, reserved 1048576K
}
Event: 7.025 GC heap before
{Heap before GC invocations=5 (full 0):
 garbage-first heap   total reserved 1538048K, committed 51200K, used 37796K [0x00000000a2200000, 0x0000000100000000)
  region size 1024K, 24 young (24576K), 4 survivors (4096K)
 Metaspace       used 35266K, committed 35520K, reserved 1114112K
  class space    used 4152K, committed 4288K, reserved 1048576K
}
Event: 7.193 GC heap after
{Heap after GC invocations=6 (full 0):
 garbage-first heap   total reserved 1538048K, committed 51200K, used 18436K [0x00000000a2200000, 0x0000000100000000)
  region size 1024K, 2 young (2048K), 2 survivors (2048K)
 Metaspace       used 35266K, committed 35520K, reserved 1114112K
  class space    used 4152K, committed 4288K, reserved 1048576K
}
Event: 7.558 GC heap before
{Heap before GC invocations=6 (full 0):
 garbage-first heap   total reserved 1538048K, committed 51200K, used 19460K [0x00000000a2200000, 0x0000000100000000)
  region size 1024K, 4 young (4096K), 2 survivors (2048K)
 Metaspace       used 35737K, committed 35968K, reserved 1114112K
  class space    used 4224K, committed 4352K, reserved 1048576K
}
Event: 7.561 GC heap after
{Heap after GC invocations=7 (full 0):
 garbage-first heap   total reserved 1538048K, committed 51200K, used 18153K [0x00000000a2200000, 0x0000000100000000)
  region size 1024K, 2 young (2048K), 2 survivors (2048K)
 Metaspace       used 35737K, committed 35968K, reserved 1114112K
  class space    used 4224K, committed 4352K, reserved 1048576K
}
Event: 12.276 GC heap before
{Heap before GC invocations=8 (full 0):
 garbage-first heap   total reserved 1538048K, committed 51200K, used 38633K [0x00000000a2200000, 0x0000000100000000)
  region size 1024K, 23 young (23552K), 2 survivors (2048K)
 Metaspace       used 43571K, committed 43840K, reserved 1114112K
  class space    used 5254K, committed 5376K, reserved 1048576K
}
Event: 12.377 GC heap after
{Heap after GC invocations=9 (full 0):
 garbage-first heap   total reserved 1538048K, committed 51200K, used 21752K [0x00000000a2200000, 0x0000000100000000)
  region size 1024K, 3 young (3072K), 3 survivors (3072K)
 Metaspace       used 43571K, committed 43840K, reserved 1114112K
  class space    used 5254K, committed 5376K, reserved 1048576K
}
Event: 12.560 GC heap before
{Heap before GC invocations=9 (full 0):
 garbage-first heap   total reserved 1538048K, committed 51200K, used 41208K [0x00000000a2200000, 0x0000000100000000)
  region size 1024K, 22 young (22528K), 3 survivors (3072K)
 Metaspace       used 43816K, committed 44096K, reserved 1114112K
  class space    used 5266K, committed 5376K, reserved 1048576K
}
Event: 12.570 GC heap after
{Heap after GC invocations=10 (full 0):
 garbage-first heap   total reserved 1538048K, committed 51200K, used 22571K [0x00000000a2200000, 0x0000000100000000)
  region size 1024K, 1 young (1024K), 1 survivors (1024K)
 Metaspace       used 43816K, committed 44096K, reserved 1114112K
  class space    used 5266K, committed 5376K, reserved 1048576K
}
Event: 13.120 GC heap before
{Heap before GC invocations=10 (full 0):
 garbage-first heap   total reserved 1538048K, committed 51200K, used 42027K [0x00000000a2200000, 0x0000000100000000)
  region size 1024K, 20 young (20480K), 1 survivors (1024K)
 Metaspace       used 46888K, committed 47168K, reserved 1114112K
  class space    used 5799K, committed 5952K, reserved 1048576K
}
Event: 13.123 GC heap after
{Heap after GC invocations=11 (full 0):
 garbage-first heap   total reserved 1538048K, committed 70656K, used 23108K [0x00000000a2200000, 0x0000000100000000)
  region size 1024K, 2 young (2048K), 2 survivors (2048K)
 Metaspace       used 46888K, committed 47168K, reserved 1114112K
  class space    used 5799K, committed 5952K, reserved 1048576K
}
Event: 14.791 GC heap before
{Heap before GC invocations=11 (full 0):
 garbage-first heap   total reserved 1538048K, committed 70656K, used 55876K [0x00000000a2200000, 0x0000000100000000)
  region size 1024K, 35 young (35840K), 2 survivors (2048K)
 Metaspace       used 48323K, committed 48640K, reserved 1114112K
  class space    used 5989K, committed 6144K, reserved 1048576K
}
Event: 14.796 GC heap after
{Heap after GC invocations=12 (full 0):
 garbage-first heap   total reserved 1538048K, committed 70656K, used 24036K [0x00000000a2200000, 0x0000000100000000)
  region size 1024K, 3 young (3072K), 3 survivors (3072K)
 Metaspace       used 48323K, committed 48640K, reserved 1114112K
  class space    used 5989K, committed 6144K, reserved 1048576K
}
Event: 16.606 GC heap before
{Heap before GC invocations=12 (full 0):
 garbage-first heap   total reserved 1538048K, committed 70656K, used 56804K [0x00000000a2200000, 0x0000000100000000)
  region size 1024K, 35 young (35840K), 3 survivors (3072K)
 Metaspace       used 48492K, committed 48832K, reserved 1114112K
  class space    used 5991K, committed 6144K, reserved 1048576K
}
Event: 16.609 GC heap after
{Heap after GC invocations=13 (full 0):
 garbage-first heap   total reserved 1538048K, committed 70656K, used 24722K [0x00000000a2200000, 0x0000000100000000)
  region size 1024K, 3 young (3072K), 3 survivors (3072K)
 Metaspace       used 48492K, committed 48832K, reserved 1114112K
  class space    used 5991K, committed 6144K, reserved 1048576K
}
Event: 17.171 GC heap before
{Heap before GC invocations=13 (full 0):
 garbage-first heap   total reserved 1538048K, committed 70656K, used 58514K [0x00000000a2200000, 0x0000000100000000)
  region size 1024K, 36 young (36864K), 3 survivors (3072K)
 Metaspace       used 50765K, committed 51008K, reserved 1114112K
  class space    used 6295K, committed 6400K, reserved 1048576K
}
Event: 17.176 GC heap after
{Heap after GC invocations=14 (full 0):
 garbage-first heap   total reserved 1538048K, committed 70656K, used 25441K [0x00000000a2200000, 0x0000000100000000)
  region size 1024K, 4 young (4096K), 4 survivors (4096K)
 Metaspace       used 50765K, committed 51008K, reserved 1114112K
  class space    used 6295K, committed 6400K, reserved 1048576K
}

